<?xml version="1.0" encoding="UTF-8"?>
<testsuite xmlns:xsi="http://www.w3.org/2001/XMLSchema-instance" xsi:noNamespaceSchemaLocation="https://maven.apache.org/surefire/maven-surefire-plugin/xsd/surefire-test-report.xsd" name="component.arquilliancourse.helloservice.GreetingDAOTest" time="20.458" tests="3" errors="0" skipped="0" failures="0">
  <properties>
    <property name="gopherProxySet" value="false"/>
    <property name="awt.toolkit" value="sun.lwawt.macosx.LWCToolkit"/>
    <property name="file.encoding.pkg" value="sun.io"/>
    <property name="java.specification.version" value="1.8"/>
    <property name="sun.cpu.isalist" value=""/>
    <property name="sun.jnu.encoding" value="UTF-8"/>
    <property name="java.class.path" value="/Users/hassenasse/dev/local/workspace/JavaMicroServiceArquillianCourse/task3-HelloService-persistance/finish/target/test-classes:/Users/hassenasse/dev/local/workspace/JavaMicroServiceArquillianCourse/task3-HelloService-persistance/finish/target/classes:/Users/hassenasse/.m2/repository/javax/enterprise/cdi-api/1.2/cdi-api-1.2.jar:/Users/hassenasse/.m2/repository/javax/el/javax.el-api/3.0.0/javax.el-api-3.0.0.jar:/Users/hassenasse/.m2/repository/javax/interceptor/javax.interceptor-api/1.2/javax.interceptor-api-1.2.jar:/Users/hassenasse/.m2/repository/javax/inject/javax.inject/1/javax.inject-1.jar:/Users/hassenasse/.m2/repository/javax/ws/rs/javax.ws.rs-api/2.0.1/javax.ws.rs-api-2.0.1.jar:/Users/hassenasse/.m2/repository/javax/json/javax.json-api/1.0/javax.json-api-1.0.jar:/Users/hassenasse/.m2/repository/javax/annotation/javax.annotation-api/1.2/javax.annotation-api-1.2.jar:/Users/hassenasse/.m2/repository/org/eclipse/microprofile/config/microprofile-config-api/1.2/microprofile-config-api-1.2.jar:/Users/hassenasse/.m2/repository/org/osgi/org.osgi.annotation.versioning/1.0.0/org.osgi.annotation.versioning-1.0.0.jar:/Users/hassenasse/.m2/repository/org/eclipse/microprofile/fault-tolerance/microprofile-fault-tolerance-api/1.0/microprofile-fault-tolerance-api-1.0.jar:/Users/hassenasse/.m2/repository/org/eclipse/microprofile/health/microprofile-health-api/1.0/microprofile-health-api-1.0.jar:/Users/hassenasse/.m2/repository/org/eclipse/microprofile/metrics/microprofile-metrics-api/1.1/microprofile-metrics-api-1.1.jar:/Users/hassenasse/.m2/repository/org/eclipse/microprofile/jwt/microprofile-jwt-auth-api/1.0/microprofile-jwt-auth-api-1.0.jar:/Users/hassenasse/.m2/repository/org/eclipse/microprofile/openapi/microprofile-openapi-api/1.0/microprofile-openapi-api-1.0.jar:/Users/hassenasse/.m2/repository/org/eclipse/microprofile/rest/client/microprofile-rest-client-api/1.0/microprofile-rest-client-api-1.0.jar:/Users/hassenasse/.m2/repository/org/eclipse/microprofile/opentracing/microprofile-opentracing-api/1.0/microprofile-opentracing-api-1.0.jar:/Users/hassenasse/.m2/repository/org/apache/geronimo/specs/geronimo-atinject_1.0_spec/1.0/geronimo-atinject_1.0_spec-1.0.jar:/Users/hassenasse/.m2/repository/javax/json/bind/javax.json.bind-api/1.0/javax.json.bind-api-1.0.jar:/Users/hassenasse/.m2/repository/org/eclipse/yasson/1.0/yasson-1.0.jar:/Users/hassenasse/.m2/repository/org/glassfish/javax.json/1.1/javax.json-1.1.jar:/Users/hassenasse/.m2/repository/org/mongodb/mongodb-driver/3.5.0/mongodb-driver-3.5.0.jar:/Users/hassenasse/.m2/repository/org/mongodb/bson/3.5.0/bson-3.5.0.jar:/Users/hassenasse/.m2/repository/org/mongodb/mongodb-driver-core/3.5.0/mongodb-driver-core-3.5.0.jar:/Users/hassenasse/.m2/repository/io/rest-assured/rest-assured/3.0.7/rest-assured-3.0.7.jar:/Users/hassenasse/.m2/repository/org/codehaus/groovy/groovy/2.4.12/groovy-2.4.12.jar:/Users/hassenasse/.m2/repository/org/codehaus/groovy/groovy-xml/2.4.12/groovy-xml-2.4.12.jar:/Users/hassenasse/.m2/repository/org/apache/httpcomponents/httpclient/4.5.3/httpclient-4.5.3.jar:/Users/hassenasse/.m2/repository/org/apache/httpcomponents/httpcore/4.4.6/httpcore-4.4.6.jar:/Users/hassenasse/.m2/repository/commons-logging/commons-logging/1.2/commons-logging-1.2.jar:/Users/hassenasse/.m2/repository/commons-codec/commons-codec/1.9/commons-codec-1.9.jar:/Users/hassenasse/.m2/repository/org/apache/httpcomponents/httpmime/4.5.1/httpmime-4.5.1.jar:/Users/hassenasse/.m2/repository/org/hamcrest/hamcrest-core/1.3/hamcrest-core-1.3.jar:/Users/hassenasse/.m2/repository/org/hamcrest/hamcrest-library/1.3/hamcrest-library-1.3.jar:/Users/hassenasse/.m2/repository/org/ccil/cowan/tagsoup/tagsoup/1.2.1/tagsoup-1.2.1.jar:/Users/hassenasse/.m2/repository/io/rest-assured/json-path/3.0.7/json-path-3.0.7.jar:/Users/hassenasse/.m2/repository/org/codehaus/groovy/groovy-json/2.4.12/groovy-json-2.4.12.jar:/Users/hassenasse/.m2/repository/io/rest-assured/rest-assured-common/3.0.7/rest-assured-common-3.0.7.jar:/Users/hassenasse/.m2/repository/io/rest-assured/xml-path/3.0.7/xml-path-3.0.7.jar:/Users/hassenasse/.m2/repository/org/apache/commons/commons-lang3/3.4/commons-lang3-3.4.jar:/Users/hassenasse/.m2/repository/javax/xml/bind/jaxb-api/2.2.12/jaxb-api-2.2.12.jar:/Users/hassenasse/.m2/repository/junit/junit/4.12/junit-4.12.jar:/Users/hassenasse/.m2/repository/org/jboss/shrinkwrap/shrinkwrap-spi/1.2.6/shrinkwrap-spi-1.2.6.jar:/Users/hassenasse/.m2/repository/org/jboss/shrinkwrap/resolver/shrinkwrap-resolver-api/3.0.1/shrinkwrap-resolver-api-3.0.1.jar:/Users/hassenasse/.m2/repository/org/jboss/shrinkwrap/resolver/shrinkwrap-resolver-spi/3.0.1/shrinkwrap-resolver-spi-3.0.1.jar:/Users/hassenasse/.m2/repository/org/jboss/shrinkwrap/resolver/shrinkwrap-resolver-api-maven/3.0.1/shrinkwrap-resolver-api-maven-3.0.1.jar:/Users/hassenasse/.m2/repository/org/apache/maven/maven-model/3.3.9/maven-model-3.3.9.jar:/Users/hassenasse/.m2/repository/org/jboss/shrinkwrap/resolver/shrinkwrap-resolver-spi-maven/3.0.1/shrinkwrap-resolver-spi-maven-3.0.1.jar:/Users/hassenasse/.m2/repository/org/jboss/shrinkwrap/resolver/shrinkwrap-resolver-api-maven-archive/3.0.1/shrinkwrap-resolver-api-maven-archive-3.0.1.jar:/Users/hassenasse/.m2/repository/org/jboss/shrinkwrap/resolver/shrinkwrap-resolver-impl-maven/3.0.1/shrinkwrap-resolver-impl-maven-3.0.1.jar:/Users/hassenasse/.m2/repository/org/eclipse/aether/aether-api/1.0.2.v20150114/aether-api-1.0.2.v20150114.jar:/Users/hassenasse/.m2/repository/org/eclipse/aether/aether-impl/1.0.2.v20150114/aether-impl-1.0.2.v20150114.jar:/Users/hassenasse/.m2/repository/org/eclipse/aether/aether-spi/1.0.2.v20150114/aether-spi-1.0.2.v20150114.jar:/Users/hassenasse/.m2/repository/org/eclipse/aether/aether-util/1.0.2.v20150114/aether-util-1.0.2.v20150114.jar:/Users/hassenasse/.m2/repository/org/eclipse/aether/aether-connector-basic/1.0.2.v20150114/aether-connector-basic-1.0.2.v20150114.jar:/Users/hassenasse/.m2/repository/org/eclipse/aether/aether-transport-wagon/1.0.2.v20150114/aether-transport-wagon-1.0.2.v20150114.jar:/Users/hassenasse/.m2/repository/org/apache/maven/maven-aether-provider/3.3.9/maven-aether-provider-3.3.9.jar:/Users/hassenasse/.m2/repository/org/codehaus/plexus/plexus-component-annotations/1.6/plexus-component-annotations-1.6.jar:/Users/hassenasse/.m2/repository/org/apache/maven/maven-model-builder/3.3.9/maven-model-builder-3.3.9.jar:/Users/hassenasse/.m2/repository/org/apache/maven/maven-artifact/3.3.9/maven-artifact-3.3.9.jar:/Users/hassenasse/.m2/repository/org/apache/maven/maven-builder-support/3.3.9/maven-builder-support-3.3.9.jar:/Users/hassenasse/.m2/repository/com/google/guava/guava/18.0/guava-18.0.jar:/Users/hassenasse/.m2/repository/org/apache/maven/maven-repository-metadata/3.3.9/maven-repository-metadata-3.3.9.jar:/Users/hassenasse/.m2/repository/org/apache/maven/maven-settings/3.3.9/maven-settings-3.3.9.jar:/Users/hassenasse/.m2/repository/org/apache/maven/maven-settings-builder/3.3.9/maven-settings-builder-3.3.9.jar:/Users/hassenasse/.m2/repository/org/codehaus/plexus/plexus-interpolation/1.21/plexus-interpolation-1.21.jar:/Users/hassenasse/.m2/repository/org/codehaus/plexus/plexus-utils/3.0.22/plexus-utils-3.0.22.jar:/Users/hassenasse/.m2/repository/org/sonatype/plexus/plexus-sec-dispatcher/1.3/plexus-sec-dispatcher-1.3.jar:/Users/hassenasse/.m2/repository/org/sonatype/plexus/plexus-cipher/1.7/plexus-cipher-1.7.jar:/Users/hassenasse/.m2/repository/org/apache/maven/wagon/wagon-provider-api/2.10/wagon-provider-api-2.10.jar:/Users/hassenasse/.m2/repository/org/apache/maven/wagon/wagon-file/2.10/wagon-file-2.10.jar:/Users/hassenasse/.m2/repository/commons-lang/commons-lang/2.6/commons-lang-2.6.jar:/Users/hassenasse/.m2/repository/org/apache/maven/wagon/wagon-http-lightweight/2.10/wagon-http-lightweight-2.10.jar:/Users/hassenasse/.m2/repository/org/apache/maven/wagon/wagon-http-shared/2.10/wagon-http-shared-2.10.jar:/Users/hassenasse/.m2/repository/org/jsoup/jsoup/1.7.2/jsoup-1.7.2.jar:/Users/hassenasse/.m2/repository/commons-io/commons-io/2.2/commons-io-2.2.jar:/Users/hassenasse/.m2/repository/org/jboss/shrinkwrap/resolver/shrinkwrap-resolver-impl-maven-archive/3.0.1/shrinkwrap-resolver-impl-maven-archive-3.0.1.jar:/Users/hassenasse/.m2/repository/org/jboss/shrinkwrap/resolver/shrinkwrap-resolver-spi-maven-archive/3.0.1/shrinkwrap-resolver-spi-maven-archive-3.0.1.jar:/Users/hassenasse/.m2/repository/org/eclipse/sisu/org.eclipse.sisu.plexus/0.3.2/org.eclipse.sisu.plexus-0.3.2.jar:/Users/hassenasse/.m2/repository/org/eclipse/sisu/org.eclipse.sisu.inject/0.3.2/org.eclipse.sisu.inject-0.3.2.jar:/Users/hassenasse/.m2/repository/org/codehaus/plexus/plexus-compiler-javac/2.7/plexus-compiler-javac-2.7.jar:/Users/hassenasse/.m2/repository/org/codehaus/plexus/plexus-compiler-api/2.7/plexus-compiler-api-2.7.jar:/Users/hassenasse/.m2/repository/org/jboss/shrinkwrap/resolver/shrinkwrap-resolver-api-maven-embedded/3.0.1/shrinkwrap-resolver-api-maven-embedded-3.0.1.jar:/Users/hassenasse/.m2/repository/org/apache/maven/shared/maven-invoker/3.0.0/maven-invoker-3.0.0.jar:/Users/hassenasse/.m2/repository/org/jboss/shrinkwrap/resolver/shrinkwrap-resolver-impl-maven-embedded/3.0.1/shrinkwrap-resolver-impl-maven-embedded-3.0.1.jar:/Users/hassenasse/.m2/repository/org/arquillian/spacelift/arquillian-spacelift/1.0.2/arquillian-spacelift-1.0.2.jar:/Users/hassenasse/.m2/repository/org/arquillian/spacelift/arquillian-spacelift-api/1.0.2/arquillian-spacelift-api-1.0.2.jar:/Users/hassenasse/.m2/repository/org/apache/commons/commons-compress/1.8.1/commons-compress-1.8.1.jar:/Users/hassenasse/.m2/repository/org/jboss/arquillian/junit/arquillian-junit-container/1.2.0.Final/arquillian-junit-container-1.2.0.Final.jar:/Users/hassenasse/.m2/repository/org/jboss/arquillian/junit/arquillian-junit-core/1.2.0.Final/arquillian-junit-core-1.2.0.Final.jar:/Users/hassenasse/.m2/repository/org/jboss/arquillian/test/arquillian-test-api/1.2.0.Final/arquillian-test-api-1.2.0.Final.jar:/Users/hassenasse/.m2/repository/org/jboss/arquillian/core/arquillian-core-api/1.2.0.Final/arquillian-core-api-1.2.0.Final.jar:/Users/hassenasse/.m2/repository/org/jboss/arquillian/test/arquillian-test-spi/1.2.0.Final/arquillian-test-spi-1.2.0.Final.jar:/Users/hassenasse/.m2/repository/org/jboss/arquillian/container/arquillian-container-test-api/1.2.0.Final/arquillian-container-test-api-1.2.0.Final.jar:/Users/hassenasse/.m2/repository/org/jboss/arquillian/core/arquillian-core-impl-base/1.2.0.Final/arquillian-core-impl-base-1.2.0.Final.jar:/Users/hassenasse/.m2/repository/org/jboss/arquillian/test/arquillian-test-impl-base/1.2.0.Final/arquillian-test-impl-base-1.2.0.Final.jar:/Users/hassenasse/.m2/repository/org/jboss/arquillian/container/arquillian-container-impl-base/1.2.0.Final/arquillian-container-impl-base-1.2.0.Final.jar:/Users/hassenasse/.m2/repository/org/jboss/arquillian/container/arquillian-container-test-impl-base/1.2.0.Final/arquillian-container-test-impl-base-1.2.0.Final.jar:/Users/hassenasse/.m2/repository/org/jboss/shrinkwrap/shrinkwrap-impl-base/1.2.6/shrinkwrap-impl-base-1.2.6.jar:/Users/hassenasse/.m2/repository/io/openliberty/arquillian/arquillian-liberty-managed/1.0.1/arquillian-liberty-managed-1.0.1.jar:/Users/hassenasse/.m2/repository/org/jboss/arquillian/container/arquillian-container-spi/1.2.0.Final/arquillian-container-spi-1.2.0.Final.jar:/Users/hassenasse/.m2/repository/org/jboss/arquillian/core/arquillian-core-spi/1.2.0.Final/arquillian-core-spi-1.2.0.Final.jar:/Users/hassenasse/.m2/repository/org/jboss/arquillian/config/arquillian-config-api/1.2.0.Final/arquillian-config-api-1.2.0.Final.jar:/Users/hassenasse/.m2/repository/org/jboss/arquillian/config/arquillian-config-impl-base/1.2.0.Final/arquillian-config-impl-base-1.2.0.Final.jar:/Users/hassenasse/.m2/repository/org/jboss/shrinkwrap/shrinkwrap-api/1.2.6/shrinkwrap-api-1.2.6.jar:/Users/hassenasse/.m2/repository/org/jboss/shrinkwrap/descriptors/shrinkwrap-descriptors-api-base/2.0.0/shrinkwrap-descriptors-api-base-2.0.0.jar:/Users/hassenasse/.m2/repository/org/jboss/arquillian/container/arquillian-container-test-spi/1.2.0.Final/arquillian-container-test-spi-1.2.0.Final.jar:/Users/hassenasse/.m2/repository/org/jboss/arquillian/protocol/arquillian-protocol-servlet/1.2.0.Final/arquillian-protocol-servlet-1.2.0.Final.jar:/Users/hassenasse/.m2/repository/org/jboss/shrinkwrap/descriptors/shrinkwrap-descriptors-spi/2.0.0/shrinkwrap-descriptors-spi-2.0.0.jar:/Users/hassenasse/.m2/repository/org/jboss/arquillian/testenricher/arquillian-testenricher-cdi/1.2.0.Final/arquillian-testenricher-cdi-1.2.0.Final.jar:/Users/hassenasse/.m2/repository/org/jboss/arquillian/testenricher/arquillian-testenricher-ejb/1.2.0.Final/arquillian-testenricher-ejb-1.2.0.Final.jar:/Users/hassenasse/.m2/repository/org/jboss/arquillian/testenricher/arquillian-testenricher-resource/1.2.0.Final/arquillian-testenricher-resource-1.2.0.Final.jar:/Users/hassenasse/.m2/repository/org/jboss/arquillian/testenricher/arquillian-testenricher-initialcontext/1.2.0.Final/arquillian-testenricher-initialcontext-1.2.0.Final.jar:/Users/hassenasse/.m2/repository/org/jboss/spec/javax/servlet/jboss-servlet-api_3.0_spec/1.0.2.Final/jboss-servlet-api_3.0_spec-1.0.2.Final.jar:/Library/Java/JavaVirtualMachines/jdk1.8.0_152.jdk/Contents/Home/jre/../lib/tools.jar:/Users/hassenasse/.m2/repository/com/lordofthejars/nosqlunit-mongodb/1.0.0-rc.5/nosqlunit-mongodb-1.0.0-rc.5.jar:/Users/hassenasse/.m2/repository/com/lordofthejars/nosqlunit-core/1.0.0-rc.5/nosqlunit-core-1.0.0-rc.5.jar:/Users/hassenasse/.m2/repository/com/googlecode/lambdaj/lambdaj/2.3.3/lambdaj-2.3.3.jar:/Users/hassenasse/.m2/repository/cglib/cglib-nodep/2.2/cglib-nodep-2.2.jar:/Users/hassenasse/.m2/repository/org/codehaus/jackson/jackson-mapper-asl/1.8.8/jackson-mapper-asl-1.8.8.jar:/Users/hassenasse/.m2/repository/org/codehaus/jackson/jackson-core-asl/1.8.8/jackson-core-asl-1.8.8.jar:/Users/hassenasse/.m2/repository/org/slf4j/slf4j-api/1.7.5/slf4j-api-1.7.5.jar:/Users/hassenasse/.m2/repository/com/github/fakemongo/fongo/2.1.0/fongo-2.1.0.jar:/Users/hassenasse/.m2/repository/org/mozilla/rhino/1.7.7.1/rhino-1.7.7.1.jar:/Users/hassenasse/.m2/repository/com/vividsolutions/jts/1.13/jts-1.13.jar:/Users/hassenasse/.m2/repository/de/grundid/opendatalab/geojson-jackson/1.2/geojson-jackson-1.2.jar:/Users/hassenasse/.m2/repository/com/fasterxml/jackson/core/jackson-core/2.2.2/jackson-core-2.2.2.jar:/Users/hassenasse/.m2/repository/com/fasterxml/jackson/core/jackson-databind/2.2.2/jackson-databind-2.2.2.jar:/Users/hassenasse/.m2/repository/com/fasterxml/jackson/core/jackson-annotations/2.2.2/jackson-annotations-2.2.2.jar:/Users/hassenasse/.m2/repository/org/mockito/mockito-core/2.18.0/mockito-core-2.18.0.jar:/Users/hassenasse/.m2/repository/net/bytebuddy/byte-buddy/1.8.3/byte-buddy-1.8.3.jar:/Users/hassenasse/.m2/repository/net/bytebuddy/byte-buddy-agent/1.8.3/byte-buddy-agent-1.8.3.jar:/Users/hassenasse/.m2/repository/org/objenesis/objenesis/2.6/objenesis-2.6.jar:/Users/hassenasse/.m2/repository/org/assertj/assertj-core/3.10.0/assertj-core-3.10.0.jar:"/>
    <property name="java.vm.vendor" value="Oracle Corporation"/>
    <property name="sun.arch.data.model" value="64"/>
    <property name="java.vendor.url" value="http://java.oracle.com/"/>
    <property name="user.timezone" value=""/>
    <property name="user.country.format" value="SE"/>
    <property name="java.vm.specification.version" value="1.8"/>
    <property name="os.name" value="Mac OS X"/>
    <property name="user.country" value="GB"/>
    <property name="sun.java.launcher" value="SUN_STANDARD"/>
    <property name="sun.boot.library.path" value="/Library/Java/JavaVirtualMachines/jdk1.8.0_152.jdk/Contents/Home/jre/lib"/>
    <property name="sun.java.command" value="/Users/hassenasse/dev/local/workspace/JavaMicroServiceArquillianCourse/task3-HelloService-persistance/finish/target/surefire/surefirebooter3389419364543772936.jar /Users/hassenasse/dev/local/workspace/JavaMicroServiceArquillianCourse/task3-HelloService-persistance/finish/target/surefire 2018-09-22T19-56-48_959-jvmRun1 surefire526584100282460889tmp surefire_0292957377568071409tmp"/>
    <property name="http.nonProxyHosts" value="local|*.local|169.254/16|*.169.254/16"/>
    <property name="surefire.test.class.path" value="/Users/hassenasse/dev/local/workspace/JavaMicroServiceArquillianCourse/task3-HelloService-persistance/finish/target/test-classes:/Users/hassenasse/dev/local/workspace/JavaMicroServiceArquillianCourse/task3-HelloService-persistance/finish/target/classes:/Users/hassenasse/.m2/repository/javax/enterprise/cdi-api/1.2/cdi-api-1.2.jar:/Users/hassenasse/.m2/repository/javax/el/javax.el-api/3.0.0/javax.el-api-3.0.0.jar:/Users/hassenasse/.m2/repository/javax/interceptor/javax.interceptor-api/1.2/javax.interceptor-api-1.2.jar:/Users/hassenasse/.m2/repository/javax/inject/javax.inject/1/javax.inject-1.jar:/Users/hassenasse/.m2/repository/javax/ws/rs/javax.ws.rs-api/2.0.1/javax.ws.rs-api-2.0.1.jar:/Users/hassenasse/.m2/repository/javax/json/javax.json-api/1.0/javax.json-api-1.0.jar:/Users/hassenasse/.m2/repository/javax/annotation/javax.annotation-api/1.2/javax.annotation-api-1.2.jar:/Users/hassenasse/.m2/repository/org/eclipse/microprofile/config/microprofile-config-api/1.2/microprofile-config-api-1.2.jar:/Users/hassenasse/.m2/repository/org/osgi/org.osgi.annotation.versioning/1.0.0/org.osgi.annotation.versioning-1.0.0.jar:/Users/hassenasse/.m2/repository/org/eclipse/microprofile/fault-tolerance/microprofile-fault-tolerance-api/1.0/microprofile-fault-tolerance-api-1.0.jar:/Users/hassenasse/.m2/repository/org/eclipse/microprofile/health/microprofile-health-api/1.0/microprofile-health-api-1.0.jar:/Users/hassenasse/.m2/repository/org/eclipse/microprofile/metrics/microprofile-metrics-api/1.1/microprofile-metrics-api-1.1.jar:/Users/hassenasse/.m2/repository/org/eclipse/microprofile/jwt/microprofile-jwt-auth-api/1.0/microprofile-jwt-auth-api-1.0.jar:/Users/hassenasse/.m2/repository/org/eclipse/microprofile/openapi/microprofile-openapi-api/1.0/microprofile-openapi-api-1.0.jar:/Users/hassenasse/.m2/repository/org/eclipse/microprofile/rest/client/microprofile-rest-client-api/1.0/microprofile-rest-client-api-1.0.jar:/Users/hassenasse/.m2/repository/org/eclipse/microprofile/opentracing/microprofile-opentracing-api/1.0/microprofile-opentracing-api-1.0.jar:/Users/hassenasse/.m2/repository/org/apache/geronimo/specs/geronimo-atinject_1.0_spec/1.0/geronimo-atinject_1.0_spec-1.0.jar:/Users/hassenasse/.m2/repository/javax/json/bind/javax.json.bind-api/1.0/javax.json.bind-api-1.0.jar:/Users/hassenasse/.m2/repository/org/eclipse/yasson/1.0/yasson-1.0.jar:/Users/hassenasse/.m2/repository/org/glassfish/javax.json/1.1/javax.json-1.1.jar:/Users/hassenasse/.m2/repository/org/mongodb/mongodb-driver/3.5.0/mongodb-driver-3.5.0.jar:/Users/hassenasse/.m2/repository/org/mongodb/bson/3.5.0/bson-3.5.0.jar:/Users/hassenasse/.m2/repository/org/mongodb/mongodb-driver-core/3.5.0/mongodb-driver-core-3.5.0.jar:/Users/hassenasse/.m2/repository/io/rest-assured/rest-assured/3.0.7/rest-assured-3.0.7.jar:/Users/hassenasse/.m2/repository/org/codehaus/groovy/groovy/2.4.12/groovy-2.4.12.jar:/Users/hassenasse/.m2/repository/org/codehaus/groovy/groovy-xml/2.4.12/groovy-xml-2.4.12.jar:/Users/hassenasse/.m2/repository/org/apache/httpcomponents/httpclient/4.5.3/httpclient-4.5.3.jar:/Users/hassenasse/.m2/repository/org/apache/httpcomponents/httpcore/4.4.6/httpcore-4.4.6.jar:/Users/hassenasse/.m2/repository/commons-logging/commons-logging/1.2/commons-logging-1.2.jar:/Users/hassenasse/.m2/repository/commons-codec/commons-codec/1.9/commons-codec-1.9.jar:/Users/hassenasse/.m2/repository/org/apache/httpcomponents/httpmime/4.5.1/httpmime-4.5.1.jar:/Users/hassenasse/.m2/repository/org/hamcrest/hamcrest-core/1.3/hamcrest-core-1.3.jar:/Users/hassenasse/.m2/repository/org/hamcrest/hamcrest-library/1.3/hamcrest-library-1.3.jar:/Users/hassenasse/.m2/repository/org/ccil/cowan/tagsoup/tagsoup/1.2.1/tagsoup-1.2.1.jar:/Users/hassenasse/.m2/repository/io/rest-assured/json-path/3.0.7/json-path-3.0.7.jar:/Users/hassenasse/.m2/repository/org/codehaus/groovy/groovy-json/2.4.12/groovy-json-2.4.12.jar:/Users/hassenasse/.m2/repository/io/rest-assured/rest-assured-common/3.0.7/rest-assured-common-3.0.7.jar:/Users/hassenasse/.m2/repository/io/rest-assured/xml-path/3.0.7/xml-path-3.0.7.jar:/Users/hassenasse/.m2/repository/org/apache/commons/commons-lang3/3.4/commons-lang3-3.4.jar:/Users/hassenasse/.m2/repository/javax/xml/bind/jaxb-api/2.2.12/jaxb-api-2.2.12.jar:/Users/hassenasse/.m2/repository/junit/junit/4.12/junit-4.12.jar:/Users/hassenasse/.m2/repository/org/jboss/shrinkwrap/shrinkwrap-spi/1.2.6/shrinkwrap-spi-1.2.6.jar:/Users/hassenasse/.m2/repository/org/jboss/shrinkwrap/resolver/shrinkwrap-resolver-api/3.0.1/shrinkwrap-resolver-api-3.0.1.jar:/Users/hassenasse/.m2/repository/org/jboss/shrinkwrap/resolver/shrinkwrap-resolver-spi/3.0.1/shrinkwrap-resolver-spi-3.0.1.jar:/Users/hassenasse/.m2/repository/org/jboss/shrinkwrap/resolver/shrinkwrap-resolver-api-maven/3.0.1/shrinkwrap-resolver-api-maven-3.0.1.jar:/Users/hassenasse/.m2/repository/org/apache/maven/maven-model/3.3.9/maven-model-3.3.9.jar:/Users/hassenasse/.m2/repository/org/jboss/shrinkwrap/resolver/shrinkwrap-resolver-spi-maven/3.0.1/shrinkwrap-resolver-spi-maven-3.0.1.jar:/Users/hassenasse/.m2/repository/org/jboss/shrinkwrap/resolver/shrinkwrap-resolver-api-maven-archive/3.0.1/shrinkwrap-resolver-api-maven-archive-3.0.1.jar:/Users/hassenasse/.m2/repository/org/jboss/shrinkwrap/resolver/shrinkwrap-resolver-impl-maven/3.0.1/shrinkwrap-resolver-impl-maven-3.0.1.jar:/Users/hassenasse/.m2/repository/org/eclipse/aether/aether-api/1.0.2.v20150114/aether-api-1.0.2.v20150114.jar:/Users/hassenasse/.m2/repository/org/eclipse/aether/aether-impl/1.0.2.v20150114/aether-impl-1.0.2.v20150114.jar:/Users/hassenasse/.m2/repository/org/eclipse/aether/aether-spi/1.0.2.v20150114/aether-spi-1.0.2.v20150114.jar:/Users/hassenasse/.m2/repository/org/eclipse/aether/aether-util/1.0.2.v20150114/aether-util-1.0.2.v20150114.jar:/Users/hassenasse/.m2/repository/org/eclipse/aether/aether-connector-basic/1.0.2.v20150114/aether-connector-basic-1.0.2.v20150114.jar:/Users/hassenasse/.m2/repository/org/eclipse/aether/aether-transport-wagon/1.0.2.v20150114/aether-transport-wagon-1.0.2.v20150114.jar:/Users/hassenasse/.m2/repository/org/apache/maven/maven-aether-provider/3.3.9/maven-aether-provider-3.3.9.jar:/Users/hassenasse/.m2/repository/org/codehaus/plexus/plexus-component-annotations/1.6/plexus-component-annotations-1.6.jar:/Users/hassenasse/.m2/repository/org/apache/maven/maven-model-builder/3.3.9/maven-model-builder-3.3.9.jar:/Users/hassenasse/.m2/repository/org/apache/maven/maven-artifact/3.3.9/maven-artifact-3.3.9.jar:/Users/hassenasse/.m2/repository/org/apache/maven/maven-builder-support/3.3.9/maven-builder-support-3.3.9.jar:/Users/hassenasse/.m2/repository/com/google/guava/guava/18.0/guava-18.0.jar:/Users/hassenasse/.m2/repository/org/apache/maven/maven-repository-metadata/3.3.9/maven-repository-metadata-3.3.9.jar:/Users/hassenasse/.m2/repository/org/apache/maven/maven-settings/3.3.9/maven-settings-3.3.9.jar:/Users/hassenasse/.m2/repository/org/apache/maven/maven-settings-builder/3.3.9/maven-settings-builder-3.3.9.jar:/Users/hassenasse/.m2/repository/org/codehaus/plexus/plexus-interpolation/1.21/plexus-interpolation-1.21.jar:/Users/hassenasse/.m2/repository/org/codehaus/plexus/plexus-utils/3.0.22/plexus-utils-3.0.22.jar:/Users/hassenasse/.m2/repository/org/sonatype/plexus/plexus-sec-dispatcher/1.3/plexus-sec-dispatcher-1.3.jar:/Users/hassenasse/.m2/repository/org/sonatype/plexus/plexus-cipher/1.7/plexus-cipher-1.7.jar:/Users/hassenasse/.m2/repository/org/apache/maven/wagon/wagon-provider-api/2.10/wagon-provider-api-2.10.jar:/Users/hassenasse/.m2/repository/org/apache/maven/wagon/wagon-file/2.10/wagon-file-2.10.jar:/Users/hassenasse/.m2/repository/commons-lang/commons-lang/2.6/commons-lang-2.6.jar:/Users/hassenasse/.m2/repository/org/apache/maven/wagon/wagon-http-lightweight/2.10/wagon-http-lightweight-2.10.jar:/Users/hassenasse/.m2/repository/org/apache/maven/wagon/wagon-http-shared/2.10/wagon-http-shared-2.10.jar:/Users/hassenasse/.m2/repository/org/jsoup/jsoup/1.7.2/jsoup-1.7.2.jar:/Users/hassenasse/.m2/repository/commons-io/commons-io/2.2/commons-io-2.2.jar:/Users/hassenasse/.m2/repository/org/jboss/shrinkwrap/resolver/shrinkwrap-resolver-impl-maven-archive/3.0.1/shrinkwrap-resolver-impl-maven-archive-3.0.1.jar:/Users/hassenasse/.m2/repository/org/jboss/shrinkwrap/resolver/shrinkwrap-resolver-spi-maven-archive/3.0.1/shrinkwrap-resolver-spi-maven-archive-3.0.1.jar:/Users/hassenasse/.m2/repository/org/eclipse/sisu/org.eclipse.sisu.plexus/0.3.2/org.eclipse.sisu.plexus-0.3.2.jar:/Users/hassenasse/.m2/repository/org/eclipse/sisu/org.eclipse.sisu.inject/0.3.2/org.eclipse.sisu.inject-0.3.2.jar:/Users/hassenasse/.m2/repository/org/codehaus/plexus/plexus-compiler-javac/2.7/plexus-compiler-javac-2.7.jar:/Users/hassenasse/.m2/repository/org/codehaus/plexus/plexus-compiler-api/2.7/plexus-compiler-api-2.7.jar:/Users/hassenasse/.m2/repository/org/jboss/shrinkwrap/resolver/shrinkwrap-resolver-api-maven-embedded/3.0.1/shrinkwrap-resolver-api-maven-embedded-3.0.1.jar:/Users/hassenasse/.m2/repository/org/apache/maven/shared/maven-invoker/3.0.0/maven-invoker-3.0.0.jar:/Users/hassenasse/.m2/repository/org/jboss/shrinkwrap/resolver/shrinkwrap-resolver-impl-maven-embedded/3.0.1/shrinkwrap-resolver-impl-maven-embedded-3.0.1.jar:/Users/hassenasse/.m2/repository/org/arquillian/spacelift/arquillian-spacelift/1.0.2/arquillian-spacelift-1.0.2.jar:/Users/hassenasse/.m2/repository/org/arquillian/spacelift/arquillian-spacelift-api/1.0.2/arquillian-spacelift-api-1.0.2.jar:/Users/hassenasse/.m2/repository/org/apache/commons/commons-compress/1.8.1/commons-compress-1.8.1.jar:/Users/hassenasse/.m2/repository/org/jboss/arquillian/junit/arquillian-junit-container/1.2.0.Final/arquillian-junit-container-1.2.0.Final.jar:/Users/hassenasse/.m2/repository/org/jboss/arquillian/junit/arquillian-junit-core/1.2.0.Final/arquillian-junit-core-1.2.0.Final.jar:/Users/hassenasse/.m2/repository/org/jboss/arquillian/test/arquillian-test-api/1.2.0.Final/arquillian-test-api-1.2.0.Final.jar:/Users/hassenasse/.m2/repository/org/jboss/arquillian/core/arquillian-core-api/1.2.0.Final/arquillian-core-api-1.2.0.Final.jar:/Users/hassenasse/.m2/repository/org/jboss/arquillian/test/arquillian-test-spi/1.2.0.Final/arquillian-test-spi-1.2.0.Final.jar:/Users/hassenasse/.m2/repository/org/jboss/arquillian/container/arquillian-container-test-api/1.2.0.Final/arquillian-container-test-api-1.2.0.Final.jar:/Users/hassenasse/.m2/repository/org/jboss/arquillian/core/arquillian-core-impl-base/1.2.0.Final/arquillian-core-impl-base-1.2.0.Final.jar:/Users/hassenasse/.m2/repository/org/jboss/arquillian/test/arquillian-test-impl-base/1.2.0.Final/arquillian-test-impl-base-1.2.0.Final.jar:/Users/hassenasse/.m2/repository/org/jboss/arquillian/container/arquillian-container-impl-base/1.2.0.Final/arquillian-container-impl-base-1.2.0.Final.jar:/Users/hassenasse/.m2/repository/org/jboss/arquillian/container/arquillian-container-test-impl-base/1.2.0.Final/arquillian-container-test-impl-base-1.2.0.Final.jar:/Users/hassenasse/.m2/repository/org/jboss/shrinkwrap/shrinkwrap-impl-base/1.2.6/shrinkwrap-impl-base-1.2.6.jar:/Users/hassenasse/.m2/repository/io/openliberty/arquillian/arquillian-liberty-managed/1.0.1/arquillian-liberty-managed-1.0.1.jar:/Users/hassenasse/.m2/repository/org/jboss/arquillian/container/arquillian-container-spi/1.2.0.Final/arquillian-container-spi-1.2.0.Final.jar:/Users/hassenasse/.m2/repository/org/jboss/arquillian/core/arquillian-core-spi/1.2.0.Final/arquillian-core-spi-1.2.0.Final.jar:/Users/hassenasse/.m2/repository/org/jboss/arquillian/config/arquillian-config-api/1.2.0.Final/arquillian-config-api-1.2.0.Final.jar:/Users/hassenasse/.m2/repository/org/jboss/arquillian/config/arquillian-config-impl-base/1.2.0.Final/arquillian-config-impl-base-1.2.0.Final.jar:/Users/hassenasse/.m2/repository/org/jboss/shrinkwrap/shrinkwrap-api/1.2.6/shrinkwrap-api-1.2.6.jar:/Users/hassenasse/.m2/repository/org/jboss/shrinkwrap/descriptors/shrinkwrap-descriptors-api-base/2.0.0/shrinkwrap-descriptors-api-base-2.0.0.jar:/Users/hassenasse/.m2/repository/org/jboss/arquillian/container/arquillian-container-test-spi/1.2.0.Final/arquillian-container-test-spi-1.2.0.Final.jar:/Users/hassenasse/.m2/repository/org/jboss/arquillian/protocol/arquillian-protocol-servlet/1.2.0.Final/arquillian-protocol-servlet-1.2.0.Final.jar:/Users/hassenasse/.m2/repository/org/jboss/shrinkwrap/descriptors/shrinkwrap-descriptors-spi/2.0.0/shrinkwrap-descriptors-spi-2.0.0.jar:/Users/hassenasse/.m2/repository/org/jboss/arquillian/testenricher/arquillian-testenricher-cdi/1.2.0.Final/arquillian-testenricher-cdi-1.2.0.Final.jar:/Users/hassenasse/.m2/repository/org/jboss/arquillian/testenricher/arquillian-testenricher-ejb/1.2.0.Final/arquillian-testenricher-ejb-1.2.0.Final.jar:/Users/hassenasse/.m2/repository/org/jboss/arquillian/testenricher/arquillian-testenricher-resource/1.2.0.Final/arquillian-testenricher-resource-1.2.0.Final.jar:/Users/hassenasse/.m2/repository/org/jboss/arquillian/testenricher/arquillian-testenricher-initialcontext/1.2.0.Final/arquillian-testenricher-initialcontext-1.2.0.Final.jar:/Users/hassenasse/.m2/repository/org/jboss/spec/javax/servlet/jboss-servlet-api_3.0_spec/1.0.2.Final/jboss-servlet-api_3.0_spec-1.0.2.Final.jar:/Library/Java/JavaVirtualMachines/jdk1.8.0_152.jdk/Contents/Home/jre/../lib/tools.jar:/Users/hassenasse/.m2/repository/com/lordofthejars/nosqlunit-mongodb/1.0.0-rc.5/nosqlunit-mongodb-1.0.0-rc.5.jar:/Users/hassenasse/.m2/repository/com/lordofthejars/nosqlunit-core/1.0.0-rc.5/nosqlunit-core-1.0.0-rc.5.jar:/Users/hassenasse/.m2/repository/com/googlecode/lambdaj/lambdaj/2.3.3/lambdaj-2.3.3.jar:/Users/hassenasse/.m2/repository/cglib/cglib-nodep/2.2/cglib-nodep-2.2.jar:/Users/hassenasse/.m2/repository/org/codehaus/jackson/jackson-mapper-asl/1.8.8/jackson-mapper-asl-1.8.8.jar:/Users/hassenasse/.m2/repository/org/codehaus/jackson/jackson-core-asl/1.8.8/jackson-core-asl-1.8.8.jar:/Users/hassenasse/.m2/repository/org/slf4j/slf4j-api/1.7.5/slf4j-api-1.7.5.jar:/Users/hassenasse/.m2/repository/com/github/fakemongo/fongo/2.1.0/fongo-2.1.0.jar:/Users/hassenasse/.m2/repository/org/mozilla/rhino/1.7.7.1/rhino-1.7.7.1.jar:/Users/hassenasse/.m2/repository/com/vividsolutions/jts/1.13/jts-1.13.jar:/Users/hassenasse/.m2/repository/de/grundid/opendatalab/geojson-jackson/1.2/geojson-jackson-1.2.jar:/Users/hassenasse/.m2/repository/com/fasterxml/jackson/core/jackson-core/2.2.2/jackson-core-2.2.2.jar:/Users/hassenasse/.m2/repository/com/fasterxml/jackson/core/jackson-databind/2.2.2/jackson-databind-2.2.2.jar:/Users/hassenasse/.m2/repository/com/fasterxml/jackson/core/jackson-annotations/2.2.2/jackson-annotations-2.2.2.jar:/Users/hassenasse/.m2/repository/org/mockito/mockito-core/2.18.0/mockito-core-2.18.0.jar:/Users/hassenasse/.m2/repository/net/bytebuddy/byte-buddy/1.8.3/byte-buddy-1.8.3.jar:/Users/hassenasse/.m2/repository/net/bytebuddy/byte-buddy-agent/1.8.3/byte-buddy-agent-1.8.3.jar:/Users/hassenasse/.m2/repository/org/objenesis/objenesis/2.6/objenesis-2.6.jar:/Users/hassenasse/.m2/repository/org/assertj/assertj-core/3.10.0/assertj-core-3.10.0.jar:"/>
    <property name="sun.cpu.endian" value="little"/>
    <property name="user.home" value="/Users/hassenasse"/>
    <property name="user.language" value="en"/>
    <property name="java.specification.vendor" value="Oracle Corporation"/>
    <property name="java.home" value="/Library/Java/JavaVirtualMachines/jdk1.8.0_152.jdk/Contents/Home/jre"/>
    <property name="basedir" value="/Users/hassenasse/dev/local/workspace/JavaMicroServiceArquillianCourse/task3-HelloService-persistance/finish"/>
    <property name="file.separator" value="/"/>
    <property name="line.separator" value="&#10;"/>
    <property name="java.vm.specification.vendor" value="Oracle Corporation"/>
    <property name="java.specification.name" value="Java Platform API Specification"/>
    <property name="java.awt.graphicsenv" value="sun.awt.CGraphicsEnvironment"/>
    <property name="surefire.real.class.path" value="/Users/hassenasse/dev/local/workspace/JavaMicroServiceArquillianCourse/task3-HelloService-persistance/finish/target/surefire/surefirebooter3389419364543772936.jar"/>
    <property name="sun.boot.class.path" value="/Library/Java/JavaVirtualMachines/jdk1.8.0_152.jdk/Contents/Home/jre/lib/resources.jar:/Library/Java/JavaVirtualMachines/jdk1.8.0_152.jdk/Contents/Home/jre/lib/rt.jar:/Library/Java/JavaVirtualMachines/jdk1.8.0_152.jdk/Contents/Home/jre/lib/sunrsasign.jar:/Library/Java/JavaVirtualMachines/jdk1.8.0_152.jdk/Contents/Home/jre/lib/jsse.jar:/Library/Java/JavaVirtualMachines/jdk1.8.0_152.jdk/Contents/Home/jre/lib/jce.jar:/Library/Java/JavaVirtualMachines/jdk1.8.0_152.jdk/Contents/Home/jre/lib/charsets.jar:/Library/Java/JavaVirtualMachines/jdk1.8.0_152.jdk/Contents/Home/jre/lib/jfr.jar:/Library/Java/JavaVirtualMachines/jdk1.8.0_152.jdk/Contents/Home/jre/classes"/>
    <property name="sun.management.compiler" value="HotSpot 64-Bit Tiered Compilers"/>
    <property name="ftp.nonProxyHosts" value="local|*.local|169.254/16|*.169.254/16"/>
    <property name="java.runtime.version" value="1.8.0_152-b16"/>
    <property name="user.name" value="hassenasse"/>
    <property name="path.separator" value=":"/>
    <property name="os.version" value="10.13.6"/>
    <property name="java.endorsed.dirs" value="/Library/Java/JavaVirtualMachines/jdk1.8.0_152.jdk/Contents/Home/jre/lib/endorsed"/>
    <property name="java.runtime.name" value="Java(TM) SE Runtime Environment"/>
    <property name="file.encoding" value="UTF-8"/>
    <property name="java.vm.name" value="Java HotSpot(TM) 64-Bit Server VM"/>
    <property name="localRepository" value="/Users/hassenasse/.m2/repository"/>
    <property name="java.vendor.url.bug" value="http://bugreport.sun.com/bugreport/"/>
    <property name="java.io.tmpdir" value="/var/folders/y7/pxq6j9h97bj7ytp61sr8z5gr0000gn/T/"/>
    <property name="java.version" value="1.8.0_152"/>
    <property name="user.dir" value="/Users/hassenasse/dev/local/workspace/JavaMicroServiceArquillianCourse/task3-HelloService-persistance/finish"/>
    <property name="os.arch" value="x86_64"/>
    <property name="java.vm.specification.name" value="Java Virtual Machine Specification"/>
    <property name="java.awt.printerjob" value="sun.lwawt.macosx.CPrinterJob"/>
    <property name="sun.os.patch.level" value="unknown"/>
    <property name="java.library.path" value="/Users/hassenasse/Library/Java/Extensions:/Library/Java/Extensions:/Network/Library/Java/Extensions:/System/Library/Java/Extensions:/usr/lib/java:."/>
    <property name="java.vm.info" value="mixed mode"/>
    <property name="java.vendor" value="Oracle Corporation"/>
    <property name="java.vm.version" value="25.152-b16"/>
    <property name="java.ext.dirs" value="/Users/hassenasse/Library/Java/Extensions:/Library/Java/JavaVirtualMachines/jdk1.8.0_152.jdk/Contents/Home/jre/lib/ext:/Library/Java/Extensions:/Network/Library/Java/Extensions:/System/Library/Java/Extensions:/usr/lib/java"/>
    <property name="sun.io.unicode.encoding" value="UnicodeBig"/>
    <property name="java.class.version" value="52.0"/>
    <property name="socksNonProxyHosts" value="local|*.local|169.254/16|*.169.254/16"/>
  </properties>
  <testcase name="shouldReturnExceptionOnEmptyFindAll" classname="component.arquilliancourse.helloservice.GreetingDAOTest" time="1.44"/>
  <testcase name="shouldInsertGreetingsAndFindThem" classname="component.arquilliancourse.helloservice.GreetingDAOTest" time="0.358"/>
  <testcase name="shouldFindGreetingByID" classname="component.arquilliancourse.helloservice.GreetingDAOTest" time="0.025"/>
</testsuite>